<?xml version="1.0" encoding="UTF-8"?>
<!-- Generated by org.testng.reporters.JUnitReportReporter -->
<testsuite hostname="DESKTOP-HNOUVU1" failures="0" tests="1" name="testHomepage.Test1" time="12.885" errors="0" timestamp="2022-01-06T16:14:40 IST" skipped="0">
  <testcase classname="testHomepage.Test1" name="testTitle" time="12.885"/>
  <system-out/>
</testsuite> <!-- testHomepage.Test1 -->
