<?xml version="1.0" encoding="UTF-8"?>
<!-- Generated by org.testng.reporters.JUnitReportReporter -->
<testsuite hostname="DESKTOP-HNOUVU1" failures="0" tests="1" name="testHomepage.ScheduleMeeting" time="20.784" errors="0" timestamp="2022-01-10T21:06:07 IST" skipped="0">
  <testcase classname="testHomepage.ScheduleMeeting" name="scheduleMeeting" time="20.784"/>
  <system-out/>
</testsuite> <!-- testHomepage.ScheduleMeeting -->
