<?xml version="1.0" encoding="UTF-8"?>
<!-- Generated by org.testng.reporters.JUnitReportReporter -->
<testsuite hostname="DESKTOP-HNOUVU1" failures="0" tests="1" name="testHomepage.SignIn" time="12.145" errors="0" timestamp="2022-01-01T12:14:45 IST" skipped="0">
  <testcase classname="testHomepage.SignIn" name="signIn" time="12.145"/>
  <system-out/>
</testsuite> <!-- testHomepage.SignIn -->
