<?xml version="1.0" encoding="UTF-8"?>
<!-- Generated by org.testng.reporters.JUnitReportReporter -->
<testsuite hostname="DESKTOP-HNOUVU1" failures="0" tests="1" name="testHomepage.ContactSales" time="10.239" errors="0" timestamp="2022-01-01T11:22:25 IST" skipped="0">
  <testcase classname="testHomepage.ContactSales" name="contactSales" time="10.239"/>
  <system-out/>
</testsuite> <!-- testHomepage.ContactSales -->
